<?xml version="1.0" encoding="UTF-8"?>
<testExecutions version="1">
  <file path="C:\Users\caiosp\Documents\BMG\blip-plugin-queue-manager\src\api\__tests__\blipServices.test.js">
    <testCase name="Blip Services should set queue" duration="5"/>
    <testCase name="Blip Services should change queue status" duration="1"/>
    <testCase name="Blip Services should get queue resource" duration="0"/>
    <testCase name="Blip Services should set resource successfully" duration="2"/>
    <testCase name="Blip Services should set resource with error" duration="1"/>
  </file>
  <file path="C:\Users\caiosp\Documents\BMG\blip-plugin-queue-manager\src\api\__tests__\formServices.test.js">
    <testCase name="Form Services should be both false" duration="5"/>
    <testCase name="Form Services areWeekdayHoursInvalid should be true" duration="4"/>
    <testCase name="Form Services areWeekendHoursInvalid should also be true" duration="0"/>
  </file>
  <file path="C:\Users\caiosp\Documents\BMG\blip-plugin-queue-manager\src\components\PageHeader\PageHeaderComponent.test.js">
    <testCase name="PageHeader Should render" duration="43"/>
  </file>
  <file path="C:\Users\caiosp\Documents\BMG\blip-plugin-queue-manager\src\pages\Home\HomePage.test.js">
    <testCase name="HomePage should render" duration="91"/>
  </file>
  <file path="C:\Users\caiosp\Documents\BMG\blip-plugin-queue-manager\src\components\AutoMessage\AutoMessageComponent.test.js">
    <testCase name="AutoMessageComponent should render" duration="55"/>
  </file>
</testExecutions>